# JRE version: OpenJDK Runtime Environment (11.0.8+10) (build 11.0.8+10-post-Ubuntu-0ubuntu120.04)
# Java VM: OpenJDK 64-Bit Server VM (11.0.8+10-post-Ubuntu-0ubuntu120.04, mixed mode, sharing, tiered, compressed oops, g1 gc, linux-amd64)
Heap:
 garbage-first heap   total 251904K, used 17443K [0x0000000746c00000, 0x0000000800000000)
  region size 1024K, 12 young (12288K), 11 survivors (11264K)
 Metaspace       used 34509K, capacity 35603K, committed 35884K, reserved 1081344K
  class space    used 4295K, capacity 4717K, committed 4736K, reserved 1048576K
GC Heap History (14 events):
Event: 0,401 GC heap before
{Heap before GC invocations=0 (full 0):
 garbage-first heap   total 192512K, used 15044K [0x0000000746c00000, 0x0000000800000000)
  region size 1024K, 14 young (14336K), 0 survivors (0K)
 Metaspace       used 2523K, capacity 5700K, committed 6016K, reserved 1056768K
  class space    used 247K, capacity 540K, committed 640K, reserved 1048576K
}
Event: 0,414 GC heap after
{Heap after GC invocations=1 (full 0):
 garbage-first heap   total 192512K, used 6388K [0x0000000746c00000, 0x0000000800000000)
  region size 1024K, 2 young (2048K), 2 survivors (2048K)
 Metaspace       used 2523K, capacity 5700K, committed 6016K, reserved 1056768K
  class space    used 247K, capacity 540K, committed 640K, reserved 1048576K
}
Event: 0,622 GC heap before
{Heap before GC invocations=1 (full 0):
 garbage-first heap   total 192512K, used 55540K [0x0000000746c00000, 0x0000000800000000)
  region size 1024K, 51 young (52224K), 2 survivors (2048K)
 Metaspace       used 4732K, capacity 6856K, committed 6912K, reserved 1056768K
  class space    used 524K, capacity 716K, committed 768K, reserved 1048576K
}
Event: 0,628 GC heap after
{Heap after GC invocations=2 (full 0):
 garbage-first heap   total 192512K, used 6811K [0x0000000746c00000, 0x0000000800000000)
  region size 1024K, 3 young (3072K), 3 survivors (3072K)
 Metaspace       used 4732K, capacity 6856K, committed 6912K, reserved 1056768K
  class space    used 524K, capacity 716K, committed 768K, reserved 1048576K
}
Event: 1,195 GC heap before
{Heap before GC invocations=2 (full 0):
 garbage-first heap   total 192512K, used 60059K [0x0000000746c00000, 0x0000000800000000)
  region size 1024K, 56 young (57344K), 3 survivors (3072K)
 Metaspace       used 14248K, capacity 14947K, committed 15104K, reserved 1062912K
  class space    used 1778K, capacity 1988K, committed 2048K, reserved 1048576K
}
Event: 1,206 GC heap after
{Heap after GC invocations=3 (full 0):
 garbage-first heap   total 192512K, used 8647K [0x0000000746c00000, 0x0000000800000000)
  region size 1024K, 5 young (5120K), 5 survivors (5120K)
 Metaspace       used 14248K, capacity 14947K, committed 15104K, reserved 1062912K
  class space    used 1778K, capacity 1988K, committed 2048K, reserved 1048576K
}
Event: 1,824 GC heap before
{Heap before GC invocations=3 (full 0):
 garbage-first heap   total 192512K, used 79303K [0x0000000746c00000, 0x0000000800000000)
  region size 1024K, 75 young (76800K), 5 survivors (5120K)
 Metaspace       used 17590K, capacity 18258K, committed 18304K, reserved 1064960K
  class space    used 2151K, capacity 2394K, committed 2432K, reserved 1048576K
}
Event: 1,834 GC heap after
{Heap after GC invocations=4 (full 0):
 garbage-first heap   total 192512K, used 10789K [0x0000000746c00000, 0x0000000800000000)
  region size 1024K, 7 young (7168K), 7 survivors (7168K)
 Metaspace       used 17590K, capacity 18258K, committed 18304K, reserved 1064960K
  class space    used 2151K, capacity 2394K, committed 2432K, reserved 1048576K
}
Event: 2,372 GC heap before
{Heap before GC invocations=4 (full 0):
 garbage-first heap   total 192512K, used 38437K [0x0000000746c00000, 0x0000000800000000)
  region size 1024K, 35 young (35840K), 7 survivors (7168K)
 Metaspace       used 20391K, capacity 21108K, committed 21248K, reserved 1067008K
  class space    used 2528K, capacity 2803K, committed 2816K, reserved 1048576K
}
Event: 2,393 GC heap after
{Heap after GC invocations=5 (full 0):
 garbage-first heap   total 251904K, used 11725K [0x0000000746c00000, 0x0000000800000000)
  region size 1024K, 8 young (8192K), 8 survivors (8192K)
 Metaspace       used 20391K, capacity 21108K, committed 21248K, reserved 1067008K
  class space    used 2528K, capacity 2803K, committed 2816K, reserved 1048576K
}
Event: 3,741 GC heap before
{Heap before GC invocations=6 (full 0):
 garbage-first heap   total 251904K, used 153037K [0x0000000746c00000, 0x0000000800000000)
  region size 1024K, 147 young (150528K), 8 survivors (8192K)
 Metaspace       used 30556K, capacity 31559K, committed 31872K, reserved 1077248K
  class space    used 3728K, capacity 4142K, committed 4224K, reserved 1048576K
}
Event: 3,763 GC heap after
{Heap after GC invocations=7 (full 0):
 garbage-first heap   total 251904K, used 15881K [0x0000000746c00000, 0x0000000800000000)
  region size 1024K, 12 young (12288K), 12 survivors (12288K)
 Metaspace       used 30556K, capacity 31559K, committed 31872K, reserved 1077248K
  class space    used 3728K, capacity 4142K, committed 4224K, reserved 1048576K
}
Event: 4,085 GC heap before
{Heap before GC invocations=7 (full 0):
 garbage-first heap   total 251904K, used 39433K [0x0000000746c00000, 0x0000000800000000)
  region size 1024K, 36 young (36864K), 12 survivors (12288K)
 Metaspace       used 34428K, capacity 35465K, committed 35628K, reserved 1081344K
  class space    used 4279K, capacity 4714K, committed 4736K, reserved 1048576K
}
Event: 4,105 GC heap after
{Heap after GC invocations=8 (full 0):
 garbage-first heap   total 251904K, used 17443K [0x0000000746c00000, 0x0000000800000000)
  region size 1024K, 11 young (11264K), 11 survivors (11264K)
 Metaspace       used 34428K, capacity 35465K, committed 35628K, reserved 1081344K
  class space    used 4279K, capacity 4714K, committed 4736K, reserved 1048576K
}

